<?xml version="1.0" encoding="UTF-8"?>
<testng-results ignored="0" total="1" passed="1" failed="0" skipped="0">
  <reporter-output>
  </reporter-output>
  <suite started-at="2024-09-16T18:29:04 IST" name="Default suite" finished-at="2024-09-16T18:29:04 IST" duration-ms="82">
    <groups>
    </groups>
    <test started-at="2024-09-16T18:29:04 IST" name="Default test" finished-at="2024-09-16T18:29:04 IST" duration-ms="82">
      <class name="HelloWord.FirstProject.Hello_Maven_Test">
        <test-method signature="helloTest()[pri:0, instance:HelloWord.FirstProject.Hello_Maven_Test@6d4e5011]" started-at="2024-09-16T18:29:04 IST" name="helloTest" finished-at="2024-09-16T18:29:04 IST" duration-ms="18" status="PASS">
          <reporter-output>
          </reporter-output>
        </test-method> <!-- helloTest -->
      </class> <!-- HelloWord.FirstProject.Hello_Maven_Test -->
    </test> <!-- Default test -->
  </suite> <!-- Default suite -->
</testng-results>
