<?xml version="1.0" encoding="UTF-8"?>
<testng-results ignored="0" total="1" passed="1" failed="0" skipped="0">
  <reporter-output>
  </reporter-output>
  <suite started-at="2024-11-22T12:59:21 IST" name="Default suite" finished-at="2024-11-22T13:00:14 IST" duration-ms="52948">
    <groups>
    </groups>
    <test started-at="2024-11-22T12:59:21 IST" name="Default test" finished-at="2024-11-22T13:00:14 IST" duration-ms="52948">
      <class name="com.qa.Flipkart.FlipkartTest">
        <test-method signature="test1()[pri:0, instance:com.qa.Flipkart.FlipkartTest@537f60bf]" started-at="2024-11-22T12:59:21 IST" name="test1" finished-at="2024-11-22T13:00:14 IST" duration-ms="52837" status="PASS">
          <reporter-output>
          </reporter-output>
        </test-method> <!-- test1 -->
      </class> <!-- com.qa.Flipkart.FlipkartTest -->
    </test> <!-- Default test -->
  </suite> <!-- Default suite -->
</testng-results>
