<?xml version="1.0" encoding="UTF-8"?>
<testng-results ignored="0" total="1" passed="1" failed="0" skipped="0">
  <reporter-output>
  </reporter-output>
  <suite started-at="2024-10-09T12:44:17 IST" name="Default suite" finished-at="2024-10-09T12:44:41 IST" duration-ms="23474">
    <groups>
    </groups>
    <test started-at="2024-10-09T12:44:17 IST" name="Default test" finished-at="2024-10-09T12:44:41 IST" duration-ms="23474">
      <class name="com.qa.demo_1.TestClass">
        <test-method signature="test1()[pri:0, instance:com.qa.demo_1.TestClass@58cbafc2]" started-at="2024-10-09T12:44:18 IST" name="test1" finished-at="2024-10-09T12:44:41 IST" duration-ms="23375" status="PASS">
          <reporter-output>
          </reporter-output>
        </test-method> <!-- test1 -->
      </class> <!-- com.qa.demo_1.TestClass -->
    </test> <!-- Default test -->
  </suite> <!-- Default suite -->
</testng-results>
