<?xml version="1.0" encoding="UTF-8"?>
<testng-results ignored="0" total="1" passed="0" failed="1" skipped="0">
  <reporter-output>
  </reporter-output>
  <suite started-at="2024-10-09T12:16:40 IST" name="Default suite" finished-at="2024-10-09T12:16:52 IST" duration-ms="11987">
    <groups>
    </groups>
    <test started-at="2024-10-09T12:16:40 IST" name="Default test" finished-at="2024-10-09T12:16:52 IST" duration-ms="11987">
      <class name="com.browser.window.tab.controll.Browser_Tab_Test">
        <test-method is-config="true" signature="Basetest()[pri:0, instance:com.browser.window.tab.controll.Browser_Tab_Test@7161d8d1]" started-at="2024-10-09T12:16:40 IST" name="Basetest" finished-at="2024-10-09T12:16:47 IST" duration-ms="7583" status="PASS">
          <reporter-output>
          </reporter-output>
        </test-method> <!-- Basetest -->
        <test-method signature="second_Test()[pri:0, instance:com.browser.window.tab.controll.Browser_Tab_Test@7161d8d1]" started-at="2024-10-09T12:16:47 IST" name="second_Test" finished-at="2024-10-09T12:16:52 IST" duration-ms="4296" status="FAIL">
          <exception class="org.openqa.selenium.InvalidSelectorException">
            <message>
              <![CDATA[invalid selector
from javascript error: {"status":32,"value":"Unable to locate an element with the xpath expression https://accounts.google.com/v3/signin/identifier?opparams=%253F&dsh=S1026557020%3A1728059121740020&client_id=77578066546-ura2k981jf06hi2dn8pjul7lbs64fggj.apps.googleusercontent.com&ddm=1&o2v=1&prompt=select_account&redirect_uri=https%3A%2F%2Faccounts.zoho.in%2Faccounts%2Foauthcallback&response_type=code&scope=email+profile&service=lso&state=d1208dfbffb15f6a9949d89c0837a38c464b4a18056ca6d880e77856a71e3f505a070333f291d6db76e00fe8c46cc25a26dec86ea553ef3d46fdbb129e7205937828f925e04d1ea3d5b1554849c7e4b88f127af5c39f5778e47ca0774010526fdc0af4260268145671b0daf78a53201d8b58a6b49df8cd505b99f29241d4c0a49cb377a076f56f739003d11394d51272&flowName=GeneralOAuthFlow&continue=https%3A%2F%2Faccounts.google.com%2Fsignin%2Foauth%2Fconsent%3Fauthuser%3Dunknown%26part%3DAJi8hAMdBrC5bmRyY97mXHP8GcqkYt67azuovn1L8wD_-omgX6PNU0vGrYcdc42vpU-Zkzcda8VZ21wIaan-F9p0Har7P-sjw-AtkUwpxBOwKMXhiOcO3e2RDz0Tw8KuzQ96xxDJdOK1THXbkzHiPobuUhXBhrgH3ocHegVVj2tad8CeVFAcJzqxQkeHWRtFT-BGqAB-VWJlBKTTHIKml3PMIwB1qgcBnj93MlsERiF9DYqXP2ccaWSw9v-KzyBYrOWQzPb26v0jimidRKTA3QjojUlTYTEa8qQuh4wyhq7tlGeFwpfP1UWrchLzvv6NlrUzMdMpxfFlj9Qi4HU8mAoSR0FBDl-HPVKcIm7cm9KWE5WYhIL-Lw4upYFtZdcoxpgkABNyjr2UMKj39Ws_yfp5rWDUEgNeKg1a74x54UneseDGER9QiXwJHPRiOwcBMpXdRqoC3SuwMHEzz5m-YvXKmd1FYjE2sA%26flowName%3DGeneralOAuthFlow%26as%3DS1026557020%253A1728059121740020%26client_id%3D77578066546-ura2k981jf06hi2dn8pjul7lbs64fggj.apps.googleusercontent.com%23&app_domain=https%3A%2F%2Faccounts.zoho.in&rart=ANgoxceIhHIGP6H0r-m4dQESTlP18x1K-ainXAEFIWMZIOQSAGEaGF35aHkAwiwAbeAiaVETgV5WgdTLZjQN59Ko1JJtiBce-clpnChbojJ7vbM4CAWvMTA because of the following error:\nSyntaxError: Failed to execute 'evaluate' on 'Document': The string 'https://accounts.google.com/v3/signin/identifier?opparams=%253F&dsh=S1026557020%3A1728059121740020&client_id=77578066546-ura2k981jf06hi2dn8pjul7lbs64fggj.apps.googleusercontent.com&ddm=1&o2v=1&prompt=select_account&redirect_uri=https%3A%2F%2Faccounts.zoho.in%2Faccounts%2Foauthcallback&response_type=code&scope=email+profile&service=lso&state=d1208dfbffb15f6a9949d89c0837a38c464b4a18056ca6d880e77856a71e3f505a070333f291d6db76e00fe8c46cc25a26dec86ea553ef3d46fdbb129e7205937828f925e04d1ea3d5b1554849c7e4b88f127af5c39f5778e47ca0774010526fdc0af4260268145671b0daf78a53201d8b58a6b49df8cd505b99f29241d4c0a49cb377a076f56f739003d11394d51272&flowName=GeneralOAuthFlow&continue=https%3A%2F%2Faccounts.google.com%2Fsignin%2Foauth%2Fconsent%3Fauthuser%3Dunknown%26part%3DAJi8hAMdBrC5bmRyY97mXHP8GcqkYt67azuovn1L8wD_-omgX6PNU0vGrYcdc42vpU-Zkzcda8VZ21wIaan-F9p0Har7P-sjw-AtkUwpxBOwKMXhiOcO3e2RDz0Tw8KuzQ96xxDJdOK1THXbkzHiPobuUhXBhrgH3ocHegVVj2tad8CeVFAcJzqxQkeHWRtFT-BGqAB-VWJlBKTTHIKml3PMIwB1qgcBnj93MlsERiF9DYqXP2ccaWSw9v-KzyBYrOWQzPb26v0jimidRKTA3QjojUlTYTEa8qQuh4wyhq7tlGeFwpfP1UWrchLzvv6NlrUzMdMpxfFlj9Qi4HU8mAoSR0FBDl-HPVKcIm7cm9KWE5WYhIL-Lw4upYFtZdcoxpgkABNyjr2UMKj39Ws_yfp5rWDUEgNeKg1a74x54UneseDGER9QiXwJHPRiOwcBMpXdRqoC3SuwMHEzz5m-YvXKmd1FYjE2sA%26flowName%3DGeneralOAuthFlow%26as%3DS1026557020%253A1728059121740020%26client_id%3D77578066546-ura2k981jf06hi2dn8pjul7lbs64fggj.apps.googleusercontent.com%23&app_domain=https%3A%2F%2Faccounts.zoho.in&rart=ANgoxceIhHIGP6H0r-m4dQESTlP18x1K-ainXAEFIWMZIOQSAGEaGF35aHkAwiwAbeAiaVETgV5WgdTLZjQN59Ko1JJtiBce-clpnChbojJ7vbM4CAWvMTA' is not a valid XPath expression."}
  (Session info: chrome=129.0.6668.90)
For documentation on this error, please visit: https://www.selenium.dev/documentation/webdriver/troubleshooting/errors#invalid-selector-exception
Build info: version: '4.20.0', revision: '866c76ca80'
System info: os.name: 'Windows 10', os.arch: 'amd64', os.version: '10.0', java.version: '22.0.2'
Driver info: org.openqa.selenium.chrome.ChromeDriver
Command: [784d80986ecf89afd26f7797f9058de4, findElement {value=https://accounts.google.com/v3/signin/identifier?opparams=%253F&dsh=S1026557020%3A1728059121740020&client_id=77578066546-ura2k981jf06hi2dn8pjul7lbs64fggj.apps.googleusercontent.com&ddm=1&o2v=1&prompt=select_account&redirect_uri=https%3A%2F%2Faccounts.zoho.in%2Faccounts%2Foauthcallback&response_type=code&scope=email+profile&service=lso&state=d1208dfbffb15f6a9949d89c0837a38c464b4a18056ca6d880e77856a71e3f505a070333f291d6db76e00fe8c46cc25a26dec86ea553ef3d46fdbb129e7205937828f925e04d1ea3d5b1554849c7e4b88f127af5c39f5778e47ca0774010526fdc0af4260268145671b0daf78a53201d8b58a6b49df8cd505b99f29241d4c0a49cb377a076f56f739003d11394d51272&flowName=GeneralOAuthFlow&continue=https%3A%2F%2Faccounts.google.com%2Fsignin%2Foauth%2Fconsent%3Fauthuser%3Dunknown%26part%3DAJi8hAMdBrC5bmRyY97mXHP8GcqkYt67azuovn1L8wD_-omgX6PNU0vGrYcdc42vpU-Zkzcda8VZ21wIaan-F9p0Har7P-sjw-AtkUwpxBOwKMXhiOcO3e2RDz0Tw8KuzQ96xxDJdOK1THXbkzHiPobuUhXBhrgH3ocHegVVj2tad8CeVFAcJzqxQkeHWRtFT-BGqAB-VWJlBKTTHIKml3PMIwB1qgcBnj93MlsERiF9DYqXP2ccaWSw9v-KzyBYrOWQzPb26v0jimidRKTA3QjojUlTYTEa8qQuh4wyhq7tlGeFwpfP1UWrchLzvv6NlrUzMdMpxfFlj9Qi4HU8mAoSR0FBDl-HPVKcIm7cm9KWE5WYhIL-Lw4upYFtZdcoxpgkABNyjr2UMKj39Ws_yfp5rWDUEgNeKg1a74x54UneseDGER9QiXwJHPRiOwcBMpXdRqoC3SuwMHEzz5m-YvXKmd1FYjE2sA%26flowName%3DGeneralOAuthFlow%26as%3DS1026557020%253A1728059121740020%26client_id%3D77578066546-ura2k981jf06hi2dn8pjul7lbs64fggj.apps.googleusercontent.com%23&app_domain=https%3A%2F%2Faccounts.zoho.in&rart=ANgoxceIhHIGP6H0r-m4dQESTlP18x1K-ainXAEFIWMZIOQSAGEaGF35aHkAwiwAbeAiaVETgV5WgdTLZjQN59Ko1JJtiBce-clpnChbojJ7vbM4CAWvMTA, using=xpath}]
Capabilities {acceptInsecureCerts: false, browserName: chrome, browserVersion: 129.0.6668.90, chrome: {chromedriverVersion: 129.0.6668.91 (b00bc8b76d60..., userDataDir: C:\Users\TRYSOL~1\AppData\L...}, fedcm:accounts: true, goog:chromeOptions: {debuggerAddress: localhost:55392}, networkConnectionEnabled: false, pageLoadStrategy: normal, platformName: windows, proxy: Proxy(), se:cdp: ws://localhost:55392/devtoo..., se:cdpVersion: 129.0.6668.90, setWindowRect: true, strictFileInteractability: false, timeouts: {implicit: 0, pageLoad: 300000, script: 30000}, unhandledPromptBehavior: dismiss and notify, webauthn:extension:credBlob: true, webauthn:extension:largeBlob: true, webauthn:extension:minPinLength: true, webauthn:extension:prf: true, webauthn:virtualAuthenticators: true}
Session ID: 784d80986ecf89afd26f7797f9058de4]]>
            </message>
            <full-stacktrace>
              <![CDATA[org.openqa.selenium.InvalidSelectorException: invalid selector
from javascript error: {"status":32,"value":"Unable to locate an element with the xpath expression https://accounts.google.com/v3/signin/identifier?opparams=%253F&dsh=S1026557020%3A1728059121740020&client_id=77578066546-ura2k981jf06hi2dn8pjul7lbs64fggj.apps.googleusercontent.com&ddm=1&o2v=1&prompt=select_account&redirect_uri=https%3A%2F%2Faccounts.zoho.in%2Faccounts%2Foauthcallback&response_type=code&scope=email+profile&service=lso&state=d1208dfbffb15f6a9949d89c0837a38c464b4a18056ca6d880e77856a71e3f505a070333f291d6db76e00fe8c46cc25a26dec86ea553ef3d46fdbb129e7205937828f925e04d1ea3d5b1554849c7e4b88f127af5c39f5778e47ca0774010526fdc0af4260268145671b0daf78a53201d8b58a6b49df8cd505b99f29241d4c0a49cb377a076f56f739003d11394d51272&flowName=GeneralOAuthFlow&continue=https%3A%2F%2Faccounts.google.com%2Fsignin%2Foauth%2Fconsent%3Fauthuser%3Dunknown%26part%3DAJi8hAMdBrC5bmRyY97mXHP8GcqkYt67azuovn1L8wD_-omgX6PNU0vGrYcdc42vpU-Zkzcda8VZ21wIaan-F9p0Har7P-sjw-AtkUwpxBOwKMXhiOcO3e2RDz0Tw8KuzQ96xxDJdOK1THXbkzHiPobuUhXBhrgH3ocHegVVj2tad8CeVFAcJzqxQkeHWRtFT-BGqAB-VWJlBKTTHIKml3PMIwB1qgcBnj93MlsERiF9DYqXP2ccaWSw9v-KzyBYrOWQzPb26v0jimidRKTA3QjojUlTYTEa8qQuh4wyhq7tlGeFwpfP1UWrchLzvv6NlrUzMdMpxfFlj9Qi4HU8mAoSR0FBDl-HPVKcIm7cm9KWE5WYhIL-Lw4upYFtZdcoxpgkABNyjr2UMKj39Ws_yfp5rWDUEgNeKg1a74x54UneseDGER9QiXwJHPRiOwcBMpXdRqoC3SuwMHEzz5m-YvXKmd1FYjE2sA%26flowName%3DGeneralOAuthFlow%26as%3DS1026557020%253A1728059121740020%26client_id%3D77578066546-ura2k981jf06hi2dn8pjul7lbs64fggj.apps.googleusercontent.com%23&app_domain=https%3A%2F%2Faccounts.zoho.in&rart=ANgoxceIhHIGP6H0r-m4dQESTlP18x1K-ainXAEFIWMZIOQSAGEaGF35aHkAwiwAbeAiaVETgV5WgdTLZjQN59Ko1JJtiBce-clpnChbojJ7vbM4CAWvMTA because of the following error:\nSyntaxError: Failed to execute 'evaluate' on 'Document': The string 'https://accounts.google.com/v3/signin/identifier?opparams=%253F&dsh=S1026557020%3A1728059121740020&client_id=77578066546-ura2k981jf06hi2dn8pjul7lbs64fggj.apps.googleusercontent.com&ddm=1&o2v=1&prompt=select_account&redirect_uri=https%3A%2F%2Faccounts.zoho.in%2Faccounts%2Foauthcallback&response_type=code&scope=email+profile&service=lso&state=d1208dfbffb15f6a9949d89c0837a38c464b4a18056ca6d880e77856a71e3f505a070333f291d6db76e00fe8c46cc25a26dec86ea553ef3d46fdbb129e7205937828f925e04d1ea3d5b1554849c7e4b88f127af5c39f5778e47ca0774010526fdc0af4260268145671b0daf78a53201d8b58a6b49df8cd505b99f29241d4c0a49cb377a076f56f739003d11394d51272&flowName=GeneralOAuthFlow&continue=https%3A%2F%2Faccounts.google.com%2Fsignin%2Foauth%2Fconsent%3Fauthuser%3Dunknown%26part%3DAJi8hAMdBrC5bmRyY97mXHP8GcqkYt67azuovn1L8wD_-omgX6PNU0vGrYcdc42vpU-Zkzcda8VZ21wIaan-F9p0Har7P-sjw-AtkUwpxBOwKMXhiOcO3e2RDz0Tw8KuzQ96xxDJdOK1THXbkzHiPobuUhXBhrgH3ocHegVVj2tad8CeVFAcJzqxQkeHWRtFT-BGqAB-VWJlBKTTHIKml3PMIwB1qgcBnj93MlsERiF9DYqXP2ccaWSw9v-KzyBYrOWQzPb26v0jimidRKTA3QjojUlTYTEa8qQuh4wyhq7tlGeFwpfP1UWrchLzvv6NlrUzMdMpxfFlj9Qi4HU8mAoSR0FBDl-HPVKcIm7cm9KWE5WYhIL-Lw4upYFtZdcoxpgkABNyjr2UMKj39Ws_yfp5rWDUEgNeKg1a74x54UneseDGER9QiXwJHPRiOwcBMpXdRqoC3SuwMHEzz5m-YvXKmd1FYjE2sA%26flowName%3DGeneralOAuthFlow%26as%3DS1026557020%253A1728059121740020%26client_id%3D77578066546-ura2k981jf06hi2dn8pjul7lbs64fggj.apps.googleusercontent.com%23&app_domain=https%3A%2F%2Faccounts.zoho.in&rart=ANgoxceIhHIGP6H0r-m4dQESTlP18x1K-ainXAEFIWMZIOQSAGEaGF35aHkAwiwAbeAiaVETgV5WgdTLZjQN59Ko1JJtiBce-clpnChbojJ7vbM4CAWvMTA' is not a valid XPath expression."}
  (Session info: chrome=129.0.6668.90)
For documentation on this error, please visit: https://www.selenium.dev/documentation/webdriver/troubleshooting/errors#invalid-selector-exception
Build info: version: '4.20.0', revision: '866c76ca80'
System info: os.name: 'Windows 10', os.arch: 'amd64', os.version: '10.0', java.version: '22.0.2'
Driver info: org.openqa.selenium.chrome.ChromeDriver
Command: [784d80986ecf89afd26f7797f9058de4, findElement {value=https://accounts.google.com/v3/signin/identifier?opparams=%253F&dsh=S1026557020%3A1728059121740020&client_id=77578066546-ura2k981jf06hi2dn8pjul7lbs64fggj.apps.googleusercontent.com&ddm=1&o2v=1&prompt=select_account&redirect_uri=https%3A%2F%2Faccounts.zoho.in%2Faccounts%2Foauthcallback&response_type=code&scope=email+profile&service=lso&state=d1208dfbffb15f6a9949d89c0837a38c464b4a18056ca6d880e77856a71e3f505a070333f291d6db76e00fe8c46cc25a26dec86ea553ef3d46fdbb129e7205937828f925e04d1ea3d5b1554849c7e4b88f127af5c39f5778e47ca0774010526fdc0af4260268145671b0daf78a53201d8b58a6b49df8cd505b99f29241d4c0a49cb377a076f56f739003d11394d51272&flowName=GeneralOAuthFlow&continue=https%3A%2F%2Faccounts.google.com%2Fsignin%2Foauth%2Fconsent%3Fauthuser%3Dunknown%26part%3DAJi8hAMdBrC5bmRyY97mXHP8GcqkYt67azuovn1L8wD_-omgX6PNU0vGrYcdc42vpU-Zkzcda8VZ21wIaan-F9p0Har7P-sjw-AtkUwpxBOwKMXhiOcO3e2RDz0Tw8KuzQ96xxDJdOK1THXbkzHiPobuUhXBhrgH3ocHegVVj2tad8CeVFAcJzqxQkeHWRtFT-BGqAB-VWJlBKTTHIKml3PMIwB1qgcBnj93MlsERiF9DYqXP2ccaWSw9v-KzyBYrOWQzPb26v0jimidRKTA3QjojUlTYTEa8qQuh4wyhq7tlGeFwpfP1UWrchLzvv6NlrUzMdMpxfFlj9Qi4HU8mAoSR0FBDl-HPVKcIm7cm9KWE5WYhIL-Lw4upYFtZdcoxpgkABNyjr2UMKj39Ws_yfp5rWDUEgNeKg1a74x54UneseDGER9QiXwJHPRiOwcBMpXdRqoC3SuwMHEzz5m-YvXKmd1FYjE2sA%26flowName%3DGeneralOAuthFlow%26as%3DS1026557020%253A1728059121740020%26client_id%3D77578066546-ura2k981jf06hi2dn8pjul7lbs64fggj.apps.googleusercontent.com%23&app_domain=https%3A%2F%2Faccounts.zoho.in&rart=ANgoxceIhHIGP6H0r-m4dQESTlP18x1K-ainXAEFIWMZIOQSAGEaGF35aHkAwiwAbeAiaVETgV5WgdTLZjQN59Ko1JJtiBce-clpnChbojJ7vbM4CAWvMTA, using=xpath}]
Capabilities {acceptInsecureCerts: false, browserName: chrome, browserVersion: 129.0.6668.90, chrome: {chromedriverVersion: 129.0.6668.91 (b00bc8b76d60..., userDataDir: C:\Users\TRYSOL~1\AppData\L...}, fedcm:accounts: true, goog:chromeOptions: {debuggerAddress: localhost:55392}, networkConnectionEnabled: false, pageLoadStrategy: normal, platformName: windows, proxy: Proxy(), se:cdp: ws://localhost:55392/devtoo..., se:cdpVersion: 129.0.6668.90, setWindowRect: true, strictFileInteractability: false, timeouts: {implicit: 0, pageLoad: 300000, script: 30000}, unhandledPromptBehavior: dismiss and notify, webauthn:extension:credBlob: true, webauthn:extension:largeBlob: true, webauthn:extension:minPinLength: true, webauthn:extension:prf: true, webauthn:virtualAuthenticators: true}
Session ID: 784d80986ecf89afd26f7797f9058de4
at java.base/jdk.internal.reflect.DirectConstructorHandleAccessor.newInstance(DirectConstructorHandleAccessor.java:62)
at java.base/java.lang.reflect.Constructor.newInstanceWithCaller(Constructor.java:502)
at java.base/java.lang.reflect.Constructor.newInstance(Constructor.java:486)
at org.openqa.selenium.remote.ErrorCodec.decode(ErrorCodec.java:167)
at org.openqa.selenium.remote.codec.w3c.W3CHttpResponseCodec.decode(W3CHttpResponseCodec.java:138)
at org.openqa.selenium.remote.codec.w3c.W3CHttpResponseCodec.decode(W3CHttpResponseCodec.java:50)
at org.openqa.selenium.remote.HttpCommandExecutor.execute(HttpCommandExecutor.java:190)
at org.openqa.selenium.remote.service.DriverCommandExecutor.invokeExecute(DriverCommandExecutor.java:216)
at org.openqa.selenium.remote.service.DriverCommandExecutor.execute(DriverCommandExecutor.java:174)
at org.openqa.selenium.remote.RemoteWebDriver.execute(RemoteWebDriver.java:518)
at org.openqa.selenium.remote.ElementLocation$ElementFinder$2.findElement(ElementLocation.java:165)
at org.openqa.selenium.remote.ElementLocation.findElement(ElementLocation.java:59)
at org.openqa.selenium.remote.RemoteWebDriver.findElement(RemoteWebDriver.java:355)
at org.openqa.selenium.remote.RemoteWebDriver.findElement(RemoteWebDriver.java:349)
at com.browser.window.tab.controll.ObjectRepo_TabWindow.clickOnGmail(ObjectRepo_TabWindow.java:27)
at com.browser.window.tab.controll.Browser_Tab_Test.second_Test(Browser_Tab_Test.java:22)
at java.base/jdk.internal.reflect.DirectMethodHandleAccessor.invoke(DirectMethodHandleAccessor.java:103)
at java.base/java.lang.reflect.Method.invoke(Method.java:580)
at org.testng.internal.invokers.MethodInvocationHelper.invokeMethod(MethodInvocationHelper.java:139)
at org.testng.internal.invokers.TestInvoker.invokeMethod(TestInvoker.java:677)
at org.testng.internal.invokers.TestInvoker.invokeTestMethod(TestInvoker.java:221)
at org.testng.internal.invokers.MethodRunner.runInSequence(MethodRunner.java:50)
at org.testng.internal.invokers.TestInvoker$MethodInvocationAgent.invoke(TestInvoker.java:969)
at org.testng.internal.invokers.TestInvoker.invokeTestMethods(TestInvoker.java:194)
at org.testng.internal.invokers.TestMethodWorker.invokeTestMethods(TestMethodWorker.java:148)
at org.testng.internal.invokers.TestMethodWorker.run(TestMethodWorker.java:128)
at java.base/java.util.ArrayList.forEach(ArrayList.java:1597)
at org.testng.TestRunner.privateRun(TestRunner.java:829)
at org.testng.TestRunner.run(TestRunner.java:602)
at org.testng.SuiteRunner.runTest(SuiteRunner.java:437)
at org.testng.SuiteRunner.runSequentially(SuiteRunner.java:431)
at org.testng.SuiteRunner.privateRun(SuiteRunner.java:391)
at org.testng.SuiteRunner.run(SuiteRunner.java:330)
at org.testng.SuiteRunnerWorker.runSuite(SuiteRunnerWorker.java:52)
at org.testng.SuiteRunnerWorker.run(SuiteRunnerWorker.java:95)
at org.testng.TestNG.runSuitesSequentially(TestNG.java:1256)
at org.testng.TestNG.runSuitesLocally(TestNG.java:1176)
at org.testng.TestNG.runSuites(TestNG.java:1099)
at org.testng.TestNG.run(TestNG.java:1067)
at org.testng.remote.AbstractRemoteTestNG.run(AbstractRemoteTestNG.java:115)
at org.testng.remote.RemoteTestNG.initAndRun(RemoteTestNG.java:293)
at org.testng.remote.RemoteTestNG.main(RemoteTestNG.java:91)
]]>
            </full-stacktrace>
          </exception> <!-- org.openqa.selenium.InvalidSelectorException -->
          <reporter-output>
          </reporter-output>
        </test-method> <!-- second_Test -->
        <test-method is-config="true" signature="tearDown_Test()[pri:0, instance:com.browser.window.tab.controll.Browser_Tab_Test@7161d8d1]" started-at="2024-10-09T12:16:52 IST" name="tearDown_Test" finished-at="2024-10-09T12:16:52 IST" duration-ms="2" status="PASS">
          <reporter-output>
          </reporter-output>
        </test-method> <!-- tearDown_Test -->
      </class> <!-- com.browser.window.tab.controll.Browser_Tab_Test -->
    </test> <!-- Default test -->
  </suite> <!-- Default suite -->
</testng-results>
